This is pdfTeX, Version 3.14159-14f-released-20000313 (Web2C 7.3.1x) (format=pdfjadetex 2000.4.7)  7 APR 2000 11:52
**install
(./install.tex{/home/rahtz/texmf.local/pdftex/config/pdftex.cfg}
JadeTeX 2000/03/31: 2.15
LaTeX Font Info:    Try loading font information for T1+ptm on input line 1.
(/var/ftp/pub/texlive/texmf/tex/latex/psnfss/t1ptm.fd
File: t1ptm.fd 2000/01/12 PSNFSS-v8.1 font definitions for T1/ptm.
)
Elements will be labelled
Jade begin document sequence at 19
(./install.aux)
\openout1 = `install.aux'.

LaTeX Font Info:    Checking defaults for OML/zwam/m/n on input line 19.
LaTeX Font Info:    Try loading font information for OML+zwam on input line 19.

 (/var/ftp/pub/texlive/texmf/tex/latex/mma/omlzwam.fd
File: omlzwam.fd 1997/10/23 Fontinst v1.6 font definitions for OML/zwam.
)
LaTeX Font Info:    ... okay on input line 19.
LaTeX Font Info:    Checking defaults for T1/cmr/m/n on input line 19.
LaTeX Font Info:    ... okay on input line 19.
LaTeX Font Info:    Checking defaults for OT1/cmr/m/n on input line 19.
LaTeX Font Info:    ... okay on input line 19.
LaTeX Font Info:    Checking defaults for OMS/zway/m/n on input line 19.
LaTeX Font Info:    Try loading font information for OMS+zway on input line 19.


(/var/ftp/pub/texlive/texmf/tex/latex/mma/omszway.fd
File: omszway.fd 1997/10/23 Fontinst v1.6 font definitions for OMS/zway.
)
LaTeX Font Info:    ... okay on input line 19.
LaTeX Font Info:    Checking defaults for OMX/zwav/m/n on input line 19.
LaTeX Font Info:    Try loading font information for OMX+zwav on input line 19.


(/var/ftp/pub/texlive/texmf/tex/latex/mma/omxzwav.fd
File: omxzwav.fd 1997/10/23 Fontinst v1.6 font definitions for OMX/zwav.
)
LaTeX Font Info:    ... okay on input line 19.
LaTeX Font Info:    Checking defaults for U/cmr/m/n on input line 19.
LaTeX Font Info:    ... okay on input line 19.
LaTeX Font Info:    Checking defaults for OT2/wncyr/m/n on input line 19.
LaTeX Font Info:    Try loading font information for OT2+wncyr on input line 19
.

(/var/ftp/pub/texlive/texmf/tex/latex/cyrillic/ot2wncyr.fd
File: ot2wncyr.fd 1999/05/31 v3.2 Computer Modern Cyrillic font definitions
)
LaTeX Font Info:    ... okay on input line 19.
LaTeX Font Info:    Checking defaults for PD1/pdf/m/n on input line 19.
LaTeX Font Info:    ... okay on input line 19.
LaTeX Font Info:    Checking defaults for T3/ptm/m/n on input line 19.
LaTeX Font Info:    Try loading font information for T3+ptm on input line 19.

(/var/ftp/pub/texlive/texmf/tex/latex/tipa/t3ptm.fd
File: T3ptm.fd 1996/06/10 TIPA font definitions
)
LaTeX Font Info:    ... okay on input line 19.
LaTeX Font Info:    Checking defaults for T2A/cmr/m/n on input line 19.
LaTeX Font Info:    Try loading font information for T2A+cmr on input line 19.

(/var/ftp/pub/texlive/texmf/tex/latex/cyrillic/t2acmr.fd
File: t2acmr.fd 1999/01/07 v1.0 Computer Modern Cyrillic font definitions
)
LaTeX Font Info:    ... okay on input line 19.
LaTeX Font Info:    Checking defaults for TS1/cmr/m/n on input line 19.
LaTeX Font Info:    Try loading font information for TS1+cmr on input line 19.

(/var/ftp/pub/texlive/texmf/tex/latex/base/ts1cmr.fd
File: ts1cmr.fd 1999/05/25 v2.5h Standard LaTeX font definitions
)
LaTeX Font Info:    ... okay on input line 19.
LaTeX Font Info:    Checking defaults for LECO/omseco/m/n on input line 19.
LaTeX Font Info:    ... okay on input line 19.
LaTeX Font Info:    Checking defaults for LECX/omsecx/m/n on input line 19.
LaTeX Font Info:    ... okay on input line 19.
LaTeX Font Info:    Checking defaults for LECY/omsecy/m/n on input line 19.
LaTeX Font Info:    ... okay on input line 19.
LaTeX Font Info:    Checking defaults for LEGR/omsegr/m/n on input line 19.
LaTeX Font Info:    ... okay on input line 19.
LaTeX Font Info:    Checking defaults for LEHA/omseha/m/n on input line 19.
LaTeX Font Info:    ... okay on input line 19.
LaTeX Font Info:    Checking defaults for LEIP/omseip/m/n on input line 19.
LaTeX Font Info:    ... okay on input line 19.
LaTeX Font Info:    Checking defaults for LELA/omsela/m/n on input line 19.
LaTeX Font Info:    ... okay on input line 19.
LaTeX Font Info:    Checking defaults for LETI/omseti/m/n on input line 19.
LaTeX Font Info:    ... okay on input line 19.

(/var/ftp/pub/texlive/texmf/tex/context/base/supp-pdf.tex
(/var/ftp/pub/texlive/texmf/tex/context/base/supp-mis.tex
loading : Context Support Macros / Missing
\protectiondepth=\count115
\scratchcounter=\count116
\scratchdimen=\dimen133
\scratchskip=\skip53
\scratchmuskip=\muskip11
\scratchbox=\box61
\scratchread=\read1
\scratchwrite=\write4
\nextbox=\box62
\nextdepth=\dimen134
\everyline=\toks21
\!!counta=\count117
\!!countb=\count118
\recursecounter=\count119
)
loading : Context Support Macros / PDF
\nofMPsegments=\count120
\nofMParguments=\count121
)
Package hyperref Info: Link coloring ON on input line 19.
 (/var/ftp/pub/texlive/texmf/tex/latex/hyperref/nameref.sty
Package: nameref 2000/01/19 v2.17 Cross-referencing by name of section
\c@section@level=\count122
) (./install.out)
(./install.out)
\openout3 = `install.out'.

LaTeX Info: Redefining \ref on input line 19.
LaTeX Info: Redefining \pageref on input line 19.
LaTeX Font Info:    Try loading font information for T1+phv on input line 125.
 (/var/ftp/pub/texlive/texmf/tex/latex/psnfss/t1phv.fd
File: t1phv.fd 2000/01/12 PSNFSS-v8.1 scalable font definitions for T1/phv.
)
LaTeX Font Info:    Font shape `T1/phv/bx/n' in size <24.883> not available
(Font)              Font shape `T1/phv/b/n' tried instead on input line 125.
LaTeX Font Info:    Font shape `T1/phv/bx/n' in size <17.28> not available
(Font)              Font shape `T1/phv/b/n' tried instead on input line 141.
LaTeX Font Info:    Font shape `T1/phv/bx/n' in size <12> not available
(Font)              Font shape `T1/phv/b/n' tried instead on input line 147.
LaTeX Font Info:    Try loading font information for OT1+zwar on input line 280
.

(/var/ftp/pub/texlive/texmf/tex/latex/mma/ot1zwar.fd
File: ot1zwar.fd 1997/10/23 Fontinst v1.6 font definitions for OT1/zwar.
)
LaTeX Font Info:    Font shape `T1/ptm/bx/n' in size <10> not available
(Font)              Font shape `T1/ptm/b/n' tried instead on input line 317.
LaTeX Font Info:    Try loading font information for T1+pcr on input line 322.

(/var/ftp/pub/texlive/texmf/tex/latex/psnfss/t1pcr.fd
File: t1pcr.fd 2000/01/12 PSNFSS-v8.1 font definitions for T1/pcr.
) [1.0.22{/var/ftp/pub/texlive/texmf/pdftex/config/psfonts.map}{/var/ftp/pub/te
xlive/texmf/pdftex/config/lw35.map}{/var/ftp/pub/texlive/texmf/pdftex/config/ra
wfonts.map}{/var/ftp/pub/texlive/texmf/pdftex/config/em.map}{/home/rahtz/texmf.
local/pdftex/config/ttfonts.map}{/var/ftp/pub/texlive/texmf/pdftex/csfonts/csfo
nt-e.map}{/home/rahtz/texmf.local/pdftex/config/russian.map}{/home/rahtz/texmf.
local/pdftex/config/local.map}]
LaTeX Font Info:    Font shape `T1/pcr/bx/n' in size <9> not available
(Font)              Font shape `T1/pcr/b/n' tried instead on input line 576.
LaTeX Font Info:    Font shape `T1/pcr/m/it' in size <10> not available
(Font)              Font shape `T1/pcr/m/sl' tried instead on input line 585.
 [2.0.22] [3.0.22]
LaTeX Font Info:    Font shape `T1/pcr/m/it' in size <9> not available
(Font)              Font shape `T1/pcr/m/sl' tried instead on input line 1172.
 [4.0.22] [5.0.22]
Overfull \vbox (1.0pt too high) has occurred while \output is active []

 [6.0.22]
[7.0.22] [8.0.22

] (./install.aux) ) 
Here is how much of TeX's memory you used:
 1185 strings out of 39805
 11792 string characters out of 329015
 159255 words of memory out of 1500001
 14493 multiletter control sequences out of 10000+50000
 33088 words of font info for 54 fonts, out of 200000 for 1000
 14 hyphenation exceptions out of 1000
 24i,11n,39p,293b,1908s stack positions out of 1500i,500n,1500p,200000b,5000s
{/var/ftp/pub/texlive/texmf/dvips/base/8r.enc}</home/rahtz/t
exmf.local/fonts/type1/wolfram/mathematica/math1.pfb>
Output written on install.pdf (8 pages, 63782 bytes).
